2025-04-26 18:10:02 - Donor Registration attempt
POST data: Array
(
    [name] => amine
    [surname] => gharsallah
    [email] => amine.gharsallah@yahoo.fr
    [ctn] => 12345678
    [pseudo] => mrsquarel
    [password] => azerty123$
)


2025-04-26 18:10:03 - Donor registered successfully: Pseudo=mrsquarel

2025-04-26 18:18:30 - Association Registration attempt
POST data: Array
(
    [representative_name] => ayouta
    [representative_surname] => eya
    [cin] => 14785236
    [email] => eyabenjemia@gmail.com
    [name] => eya
    [address] => adress
    [fiscal_id] => $ABC13
    [pseudo] => ayouta
    [password] => azerty123$
)

FILES data: Array
(
    [logo] => Array
        (
            [name] => 468656778_2350108311990316_8171368706227937374_n.jpg
            [full_path] => 468656778_2350108311990316_8171368706227937374_n.jpg
            [type] => image/jpeg
            [tmp_name] => C:\wamp64\tmp\php130.tmp
            [error] => 0
            [size] => 117622
        )

)


2025-04-26 18:21:41 - Association Registration attempt
POST data: Array
(
    [representative_name] => ayouta
    [representative_surname] => eya
    [cin] => 14785236
    [email] => eyabenjemia@gmail.com
    [name] => eya
    [address] => adress
    [fiscal_id] => $ABC13
    [pseudo] => ayouta
    [password] => azerty123$
)

FILES data: Array
(
    [logo] => Array
        (
            [name] => wapple_hd.JPEG
            [full_path] => wapple_hd.JPEG
            [type] => image/jpeg
            [tmp_name] => C:\wamp64\tmp\phpEB2A.tmp
            [error] => 0
            [size] => 377917
        )

)


2025-04-26 18:28:28 - Donor Registration attempt
POST data: Array
(
)


2025-04-26 18:31:08 - Donor Registration attempt
POST data: Array
(
    [name] => amine
    [surname] => gharsallah
    [email] => amine.gharsallah@yahoo.fr
    [ctn] => 15698756
    [pseudo] => aii
    [password] => azerty123$
)


2025-04-26 18:35:50 - Donor Registration attempt
POST data: Array
(
    [name] => eya
    [surname] => gharsallah
    [email] => amine.gharsallah@yahoo.fr
    [ctn] => 12345676
    [pseudo] => aii
    [password] => azerty123$
)


